Drill report for D:\HardwareDev\ESC_badge2016\SNAP-Badge\SNAP_badge.kicad_pcb
Created on 2/16/2016 6:41:36 AM

Copper Layer Stackup:
    =============================================================
    L1 :  F.Cu                      front
    L2 :  B.Cu                      back


Drill file 'D:SNAP_badge.drl' contains
    plated through holes:
    =============================================================
    T1  0.36mm  0.014"  (268 holes)
    T2  0.50mm  0.020"  (2 holes)  (with 2 slots)
    T3  0.55mm  0.022"  (2 holes)  (with 2 slots)
    T4  1.02mm  0.040"  (38 holes)
    T5  1.02mm  0.040"  (4 holes)
    T6  3.00mm  0.118"  (3 holes)
    T7  5.00mm  0.197"  (2 holes)  (with 2 slots)

    Total plated holes count 319


Drill file 'D:SNAP_badge-NPTH.drl' contains
    unplated through holes:
    =============================================================

    Total unplated holes count 0
